F:\学习资料\LEETCODE\DEBUG\1TWO_SUM.OBJ
F:\学习资料\LEETCODE\DEBUG\VC110.PDB
F:\学习资料\LEETCODE\DEBUG\ADD TWO NUMBERS.OBJ
F:\学习资料\LEETCODE\DEBUG\3LONGEST SUBSTRING WITHOUT REPEATING CHARACTERS.OBJ
F:\学习资料\LEETCODE\DEBUG\6ZIGZAG CONVERSION.OBJ
F:\学习资料\LEETCODE\DEBUG\TEST.OBJ
F:\学习资料\LEETCODE\DEBUG\4MEDIAN OF TWO SORTED ARRAYS.OBJ
F:\学习资料\LEETCODE\DEBUG\5LONGEST PALINDROMIC SUBSTRING   .OBJ
F:\学习资料\LEETCODE\DEBUG\67ADD BINARY.OBJ
F:\学习资料\LEETCODE\DEBUG\69 SQRT(X).OBJ
F:\学习资料\LEETCODE\DEBUG\70CLIMBING STAIRS.OBJ
F:\学习资料\LEETCODE\DEBUG\101SYMMETRIC TREE.OBJ
F:\学习资料\LEETCODE\DEBUG\107.OBJ
F:\学习资料\LEETCODE\DEBUG\LEETCODE.ILK
F:\学习资料\LEETCODE\DEBUG\LEETCODE.EXE
F:\学习资料\LEETCODE\DEBUG\LEETCODE.PDB
F:\学习资料\leetcode\Debug\101Symmetric Tree.obj
F:\学习资料\leetcode\Debug\107.obj
F:\学习资料\leetcode\Debug\1two_sum.obj
F:\学习资料\leetcode\Debug\3Longest Substring Without Repeating Characters.obj
F:\学习资料\leetcode\Debug\4median of two sorted arrays.obj
F:\学习资料\leetcode\Debug\5Longest Palindromic Substring   .obj
F:\学习资料\leetcode\Debug\67Add Binary.obj
F:\学习资料\leetcode\Debug\69 Sqrt(x).obj
F:\学习资料\leetcode\Debug\6ZigZag Conversion.obj
F:\学习资料\leetcode\Debug\70Climbing Stairs.obj
F:\学习资料\leetcode\Debug\Add Two Numbers.obj
F:\学习资料\leetcode\Debug\test.obj
F:\学习资料\leetcode\Debug\leetcode.ilk
F:\学习资料\leetcode\Debug\cl.command.1.tlog
F:\学习资料\leetcode\Debug\CL.read.1.tlog
F:\学习资料\leetcode\Debug\CL.write.1.tlog
F:\学习资料\leetcode\Debug\link-cvtres.read.1.tlog
F:\学习资料\leetcode\Debug\link-cvtres.write.1.tlog
F:\学习资料\leetcode\Debug\link-rc.read.1.tlog
F:\学习资料\leetcode\Debug\link-rc.write.1.tlog
F:\学习资料\leetcode\Debug\link.11332-cvtres.read.1.tlog
F:\学习资料\leetcode\Debug\link.11332-cvtres.write.1.tlog
F:\学习资料\leetcode\Debug\link.11332-rc.read.1.tlog
F:\学习资料\leetcode\Debug\link.11332-rc.write.1.tlog
F:\学习资料\leetcode\Debug\link.11332.read.1.tlog
F:\学习资料\leetcode\Debug\link.11332.write.1.tlog
F:\学习资料\leetcode\Debug\link.11544-cvtres.read.1.tlog
F:\学习资料\leetcode\Debug\link.11544-cvtres.write.1.tlog
F:\学习资料\leetcode\Debug\link.11544-rc.read.1.tlog
F:\学习资料\leetcode\Debug\link.11544-rc.write.1.tlog
F:\学习资料\leetcode\Debug\link.11544.read.1.tlog
F:\学习资料\leetcode\Debug\link.11544.write.1.tlog
F:\学习资料\leetcode\Debug\link.13448-cvtres.read.1.tlog
F:\学习资料\leetcode\Debug\link.13448-cvtres.write.1.tlog
F:\学习资料\leetcode\Debug\link.13448-rc.read.1.tlog
F:\学习资料\leetcode\Debug\link.13448-rc.write.1.tlog
F:\学习资料\leetcode\Debug\link.13448.read.1.tlog
F:\学习资料\leetcode\Debug\link.13448.write.1.tlog
F:\学习资料\leetcode\Debug\link.14116-cvtres.read.1.tlog
F:\学习资料\leetcode\Debug\link.14116-cvtres.write.1.tlog
F:\学习资料\leetcode\Debug\link.14116-rc.read.1.tlog
F:\学习资料\leetcode\Debug\link.14116-rc.write.1.tlog
F:\学习资料\leetcode\Debug\link.14116.read.1.tlog
F:\学习资料\leetcode\Debug\link.14116.write.1.tlog
F:\学习资料\leetcode\Debug\link.14396-cvtres.read.1.tlog
F:\学习资料\leetcode\Debug\link.14396-cvtres.write.1.tlog
F:\学习资料\leetcode\Debug\link.14396-rc.read.1.tlog
F:\学习资料\leetcode\Debug\link.14396-rc.write.1.tlog
F:\学习资料\leetcode\Debug\link.14396.read.1.tlog
F:\学习资料\leetcode\Debug\link.14396.write.1.tlog
F:\学习资料\leetcode\Debug\link.14972-cvtres.read.1.tlog
F:\学习资料\leetcode\Debug\link.14972-cvtres.write.1.tlog
F:\学习资料\leetcode\Debug\link.14972-rc.read.1.tlog
F:\学习资料\leetcode\Debug\link.14972-rc.write.1.tlog
F:\学习资料\leetcode\Debug\link.14972.read.1.tlog
F:\学习资料\leetcode\Debug\link.14972.write.1.tlog
F:\学习资料\leetcode\Debug\link.15808-cvtres.read.1.tlog
F:\学习资料\leetcode\Debug\link.15808-cvtres.write.1.tlog
F:\学习资料\leetcode\Debug\link.15808-rc.read.1.tlog
F:\学习资料\leetcode\Debug\link.15808-rc.write.1.tlog
F:\学习资料\leetcode\Debug\link.15808.read.1.tlog
F:\学习资料\leetcode\Debug\link.15808.write.1.tlog
F:\学习资料\leetcode\Debug\link.16160-cvtres.read.1.tlog
F:\学习资料\leetcode\Debug\link.16160-cvtres.write.1.tlog
F:\学习资料\leetcode\Debug\link.16160-rc.read.1.tlog
F:\学习资料\leetcode\Debug\link.16160-rc.write.1.tlog
F:\学习资料\leetcode\Debug\link.16160.read.1.tlog
F:\学习资料\leetcode\Debug\link.16160.write.1.tlog
F:\学习资料\leetcode\Debug\link.16388-cvtres.read.1.tlog
F:\学习资料\leetcode\Debug\link.16388-cvtres.write.1.tlog
F:\学习资料\leetcode\Debug\link.16388-rc.read.1.tlog
F:\学习资料\leetcode\Debug\link.16388-rc.write.1.tlog
F:\学习资料\leetcode\Debug\link.16388.read.1.tlog
F:\学习资料\leetcode\Debug\link.16388.write.1.tlog
F:\学习资料\leetcode\Debug\link.16504-cvtres.read.1.tlog
F:\学习资料\leetcode\Debug\link.16504-cvtres.write.1.tlog
F:\学习资料\leetcode\Debug\link.16504-rc.read.1.tlog
F:\学习资料\leetcode\Debug\link.16504-rc.write.1.tlog
F:\学习资料\leetcode\Debug\link.16504.read.1.tlog
F:\学习资料\leetcode\Debug\link.16504.write.1.tlog
F:\学习资料\leetcode\Debug\link.16740-cvtres.read.1.tlog
F:\学习资料\leetcode\Debug\link.16740-cvtres.write.1.tlog
F:\学习资料\leetcode\Debug\link.16740-rc.read.1.tlog
F:\学习资料\leetcode\Debug\link.16740-rc.write.1.tlog
F:\学习资料\leetcode\Debug\link.16740.read.1.tlog
F:\学习资料\leetcode\Debug\link.16740.write.1.tlog
F:\学习资料\leetcode\Debug\link.18428-cvtres.read.1.tlog
F:\学习资料\leetcode\Debug\link.18428-cvtres.write.1.tlog
F:\学习资料\leetcode\Debug\link.18428-rc.read.1.tlog
F:\学习资料\leetcode\Debug\link.18428-rc.write.1.tlog
F:\学习资料\leetcode\Debug\link.18428.read.1.tlog
F:\学习资料\leetcode\Debug\link.18428.write.1.tlog
F:\学习资料\leetcode\Debug\link.1868-cvtres.read.1.tlog
F:\学习资料\leetcode\Debug\link.1868-cvtres.write.1.tlog
F:\学习资料\leetcode\Debug\link.1868-rc.read.1.tlog
F:\学习资料\leetcode\Debug\link.1868-rc.write.1.tlog
F:\学习资料\leetcode\Debug\link.1868.read.1.tlog
F:\学习资料\leetcode\Debug\link.1868.write.1.tlog
F:\学习资料\leetcode\Debug\link.3456-cvtres.read.1.tlog
F:\学习资料\leetcode\Debug\link.3456-cvtres.write.1.tlog
F:\学习资料\leetcode\Debug\link.3456-rc.read.1.tlog
F:\学习资料\leetcode\Debug\link.3456-rc.write.1.tlog
F:\学习资料\leetcode\Debug\link.3456.read.1.tlog
F:\学习资料\leetcode\Debug\link.3456.write.1.tlog
F:\学习资料\leetcode\Debug\link.8228-cvtres.read.1.tlog
F:\学习资料\leetcode\Debug\link.8228-cvtres.write.1.tlog
F:\学习资料\leetcode\Debug\link.8228-rc.read.1.tlog
F:\学习资料\leetcode\Debug\link.8228-rc.write.1.tlog
F:\学习资料\leetcode\Debug\link.8228.read.1.tlog
F:\学习资料\leetcode\Debug\link.8228.write.1.tlog
F:\学习资料\leetcode\Debug\link.988-cvtres.read.1.tlog
F:\学习资料\leetcode\Debug\link.988-cvtres.write.1.tlog
F:\学习资料\leetcode\Debug\link.988-rc.read.1.tlog
F:\学习资料\leetcode\Debug\link.988-rc.write.1.tlog
F:\学习资料\leetcode\Debug\link.988.read.1.tlog
F:\学习资料\leetcode\Debug\link.988.write.1.tlog
F:\学习资料\leetcode\Debug\link.command.1.tlog
F:\学习资料\leetcode\Debug\link.read.1.tlog
F:\学习资料\leetcode\Debug\link.write.1.tlog
F:\学习资料\leetcode\Debug\vc110.idb
F:\学习资料\leetcode\Debug\leetcode.pdb
F:\学习资料\leetcode\Debug\vc110.pdb
F:\学习资料\leetcode\Debug\leetcode.exe
